mode: set
github.com/javy99/quote-book/docs/docs.go:187.13,189.2 1 0
github.com/javy99/quote-book/cmd/main.go:19.13,24.74 3 0
github.com/javy99/quote-book/cmd/main.go:24.74,25.19 1 0
github.com/javy99/quote-book/cmd/main.go:26.24,27.23 1 0
github.com/javy99/quote-book/cmd/main.go:28.23,29.21 1 0
github.com/javy99/quote-book/cmd/main.go:30.11,31.68 1 0
github.com/javy99/quote-book/cmd/main.go:34.2,41.46 5 0
github.com/javy99/quote-book/internal/storage/memory.go:19.36,24.2 1 1
github.com/javy99/quote-book/internal/storage/memory.go:27.58,34.2 6 1
github.com/javy99/quote-book/internal/storage/memory.go:37.46,41.2 3 1
github.com/javy99/quote-book/internal/storage/memory.go:44.64,48.29 4 1
github.com/javy99/quote-book/internal/storage/memory.go:48.29,49.25 1 1
github.com/javy99/quote-book/internal/storage/memory.go:49.25,51.4 1 1
github.com/javy99/quote-book/internal/storage/memory.go:53.2,53.17 1 1
github.com/javy99/quote-book/internal/storage/memory.go:58.56,61.24 3 1
github.com/javy99/quote-book/internal/storage/memory.go:61.24,63.3 1 1
github.com/javy99/quote-book/internal/storage/memory.go:64.2,64.48 1 1
github.com/javy99/quote-book/internal/storage/memory.go:69.47,72.29 3 1
github.com/javy99/quote-book/internal/storage/memory.go:72.29,73.17 1 1
github.com/javy99/quote-book/internal/storage/memory.go:73.17,76.4 2 1
github.com/javy99/quote-book/internal/storage/memory.go:78.2,78.14 1 1
github.com/javy99/quote-book/internal/handler/handler.go:19.64,21.2 1 1
github.com/javy99/quote-book/internal/handler/handler.go:33.76,35.63 2 1
github.com/javy99/quote-book/internal/handler/handler.go:35.63,38.3 2 1
github.com/javy99/quote-book/internal/handler/handler.go:39.2,41.34 3 1
github.com/javy99/quote-book/internal/handler/handler.go:52.74,55.18 3 1
github.com/javy99/quote-book/internal/handler/handler.go:55.18,57.3 1 1
github.com/javy99/quote-book/internal/handler/handler.go:57.8,59.3 1 1
github.com/javy99/quote-book/internal/handler/handler.go:60.2,60.35 1 1
github.com/javy99/quote-book/internal/handler/handler.go:71.79,73.16 2 1
github.com/javy99/quote-book/internal/handler/handler.go:73.16,76.3 2 1
github.com/javy99/quote-book/internal/handler/handler.go:77.2,77.34 1 1
github.com/javy99/quote-book/internal/handler/handler.go:89.76,91.20 2 1
github.com/javy99/quote-book/internal/handler/handler.go:91.20,94.3 2 1
github.com/javy99/quote-book/internal/handler/handler.go:95.2,96.16 2 1
github.com/javy99/quote-book/internal/handler/handler.go:96.16,99.3 2 1
github.com/javy99/quote-book/internal/handler/handler.go:100.2,100.29 1 1
github.com/javy99/quote-book/internal/handler/handler.go:100.29,103.3 2 1
github.com/javy99/quote-book/internal/handler/handler.go:104.2,104.37 1 1
